# JRE version: Java(TM) SE Runtime Environment (8.0_131-b11) (build 1.8.0_131-b11)
# Java VM: Java HotSpot(TM) 64-Bit Server VM (25.131-b11 mixed mode windows-amd64 compressed oops)
Heap:
 PSYoungGen      total 143872K, used 71781K [0x00000000eb000000, 0x00000000fa800000, 0x0000000100000000)
  eden space 126464K, 47% used [0x00000000eb000000,0x00000000eeaab490,0x00000000f2b80000)
  from space 17408K, 67% used [0x00000000f2b80000,0x00000000f36edf90,0x00000000f3c80000)
  to   space 25600K, 0% used [0x00000000f8f00000,0x00000000f8f00000,0x00000000fa800000)
 ParOldGen       total 80896K, used 44028K [0x00000000c1000000, 0x00000000c5f00000, 0x00000000eb000000)
  object space 80896K, 54% used [0x00000000c1000000,0x00000000c3aff118,0x00000000c5f00000)
 Metaspace       used 6725K, capacity 7352K, committed 7680K, reserved 1056768K
  class space    used 647K, capacity 688K, committed 768K, reserved 1048576K
GC Heap History (10 events):
Event: 5.746 GC heap before
{Heap before GC invocations=6 (full 0):
 PSYoungGen      total 35328K, used 35315K [0x00000000eb000000, 0x00000000f0000000, 0x0000000100000000)
  eden space 32768K, 100% used [0x00000000eb000000,0x00000000ed000000,0x00000000ed000000)
  from space 2560K, 99% used [0x00000000ed000000,0x00000000ed27ce28,0x00000000ed280000)
  to   space 8192K, 0% used [0x00000000ef800000,0x00000000ef800000,0x00000000f0000000)
 ParOldGen       total 44032K, used 14825K [0x00000000c1000000, 0x00000000c3b00000, 0x00000000eb000000)
  object space 44032K, 33% used [0x00000000c1000000,0x00000000c1e7a728,0x00000000c3b00000)
 Metaspace       used 6513K, capacity 7192K, committed 7424K, reserved 1056768K
  class space    used 627K, capacity 656K, committed 768K, reserved 1048576K
Event: 5.769 GC heap after
Heap after GC invocations=6 (full 0):
 PSYoungGen      total 73728K, used 5845K [0x00000000eb000000, 0x00000000f0000000, 0x0000000100000000)
  eden space 65536K, 0% used [0x00000000eb000000,0x00000000eb000000,0x00000000ef000000)
  from space 8192K, 71% used [0x00000000ef800000,0x00000000efdb57f0,0x00000000f0000000)
  to   space 8192K, 0% used [0x00000000ef000000,0x00000000ef000000,0x00000000ef800000)
 ParOldGen       total 44032K, used 14833K [0x00000000c1000000, 0x00000000c3b00000, 0x00000000eb000000)
  object space 44032K, 33% used [0x00000000c1000000,0x00000000c1e7c728,0x00000000c3b00000)
 Metaspace       used 6513K, capacity 7192K, committed 7424K, reserved 1056768K
  class space    used 627K, capacity 656K, committed 768K, reserved 1048576K
}
Event: 6.530 GC heap before
{Heap before GC invocations=7 (full 0):
 PSYoungGen      total 73728K, used 71381K [0x00000000eb000000, 0x00000000f0000000, 0x0000000100000000)
  eden space 65536K, 100% used [0x00000000eb000000,0x00000000ef000000,0x00000000ef000000)
  from space 8192K, 71% used [0x00000000ef800000,0x00000000efdb57f0,0x00000000f0000000)
  to   space 8192K, 0% used [0x00000000ef000000,0x00000000ef000000,0x00000000ef800000)
 ParOldGen       total 44032K, used 14833K [0x00000000c1000000, 0x00000000c3b00000, 0x00000000eb000000)
  object space 44032K, 33% used [0x00000000c1000000,0x00000000c1e7c728,0x00000000c3b00000)
 Metaspace       used 6576K, capacity 7256K, committed 7424K, reserved 1056768K
  class space    used 628K, capacity 656K, committed 768K, reserved 1048576K
Event: 6.563 GC heap after
Heap after GC invocations=7 (full 0):
 PSYoungGen      total 73728K, used 8167K [0x00000000eb000000, 0x00000000f4900000, 0x0000000100000000)
  eden space 65536K, 0% used [0x00000000eb000000,0x00000000eb000000,0x00000000ef000000)
  from space 8192K, 99% used [0x00000000ef000000,0x00000000ef7f9f48,0x00000000ef800000)
  to   space 12800K, 0% used [0x00000000f3c80000,0x00000000f3c80000,0x00000000f4900000)
 ParOldGen       total 44032K, used 22138K [0x00000000c1000000, 0x00000000c3b00000, 0x00000000eb000000)
  object space 44032K, 50% used [0x00000000c1000000,0x00000000c259eaf0,0x00000000c3b00000)
 Metaspace       used 6576K, capacity 7256K, committed 7424K, reserved 1056768K
  class space    used 628K, capacity 656K, committed 768K, reserved 1048576K
}
Event: 7.056 GC heap before
{Heap before GC invocations=8 (full 0):
 PSYoungGen      total 73728K, used 73703K [0x00000000eb000000, 0x00000000f4900000, 0x0000000100000000)
  eden space 65536K, 100% used [0x00000000eb000000,0x00000000ef000000,0x00000000ef000000)
  from space 8192K, 99% used [0x00000000ef000000,0x00000000ef7f9f48,0x00000000ef800000)
  to   space 12800K, 0% used [0x00000000f3c80000,0x00000000f3c80000,0x00000000f4900000)
 ParOldGen       total 44032K, used 22138K [0x00000000c1000000, 0x00000000c3b00000, 0x00000000eb000000)
  object space 44032K, 50% used [0x00000000c1000000,0x00000000c259eaf0,0x00000000c3b00000)
 Metaspace       used 6609K, capacity 7320K, committed 7680K, reserved 1056768K
  class space    used 628K, capacity 656K, committed 768K, reserved 1048576K
Event: 7.090 GC heap after
Heap after GC invocations=8 (full 0):
 PSYoungGen      total 139264K, used 12768K [0x00000000eb000000, 0x00000000f5200000, 0x0000000100000000)
  eden space 126464K, 0% used [0x00000000eb000000,0x00000000eb000000,0x00000000f2b80000)
  from space 12800K, 99% used [0x00000000f3c80000,0x00000000f48f8180,0x00000000f4900000)
  to   space 17408K, 0% used [0x00000000f2b80000,0x00000000f2b80000,0x00000000f3c80000)
 ParOldGen       total 44032K, used 28442K [0x00000000c1000000, 0x00000000c3b00000, 0x00000000eb000000)
  object space 44032K, 64% used [0x00000000c1000000,0x00000000c2bc6900,0x00000000c3b00000)
 Metaspace       used 6609K, capacity 7320K, committed 7680K, reserved 1056768K
  class space    used 628K, capacity 656K, committed 768K, reserved 1048576K
}
Event: 7.910 GC heap before
{Heap before GC invocations=9 (full 0):
 PSYoungGen      total 139264K, used 139232K [0x00000000eb000000, 0x00000000f5200000, 0x0000000100000000)
  eden space 126464K, 100% used [0x00000000eb000000,0x00000000f2b80000,0x00000000f2b80000)
  from space 12800K, 99% used [0x00000000f3c80000,0x00000000f48f8180,0x00000000f4900000)
  to   space 17408K, 0% used [0x00000000f2b80000,0x00000000f2b80000,0x00000000f3c80000)
 ParOldGen       total 44032K, used 28442K [0x00000000c1000000, 0x00000000c3b00000, 0x00000000eb000000)
  object space 44032K, 64% used [0x00000000c1000000,0x00000000c2bc6900,0x00000000c3b00000)
 Metaspace       used 6626K, capacity 7320K, committed 7680K, reserved 1056768K
  class space    used 628K, capacity 656K, committed 768K, reserved 1048576K
Event: 8.004 GC heap after
Heap after GC invocations=9 (full 0):
 PSYoungGen      total 143872K, used 17381K [0x00000000eb000000, 0x00000000fa800000, 0x0000000100000000)
  eden space 126464K, 0% used [0x00000000eb000000,0x00000000eb000000,0x00000000f2b80000)
  from space 17408K, 99% used [0x00000000f2b80000,0x00000000f3c79718,0x00000000f3c80000)
  to   space 25600K, 0% used [0x00000000f8f00000,0x00000000f8f00000,0x00000000fa800000)
 ParOldGen       total 44032K, used 42549K [0x00000000c1000000, 0x00000000c3b00000, 0x00000000eb000000)
  object space 44032K, 96% used [0x00000000c1000000,0x00000000c398d6d8,0x00000000c3b00000)
 Metaspace       used 6626K, capacity 7320K, committed 7680K, reserved 1056768K
  class space    used 628K, capacity 656K, committed 768K, reserved 1048576K
}
Event: 8.004 GC heap before
{Heap before GC invocations=10 (full 1):
 PSYoungGen      total 143872K, used 17381K [0x00000000eb000000, 0x00000000fa800000, 0x0000000100000000)
  eden space 126464K, 0% used [0x00000000eb000000,0x00000000eb000000,0x00000000f2b80000)
  from space 17408K, 99% used [0x00000000f2b80000,0x00000000f3c79718,0x00000000f3c80000)
  to   space 25600K, 0% used [0x00000000f8f00000,0x00000000f8f00000,0x00000000fa800000)
 ParOldGen       total 44032K, used 42549K [0x00000000c1000000, 0x00000000c3b00000, 0x00000000eb000000)
  object space 44032K, 96% used [0x00000000c1000000,0x00000000c398d6d8,0x00000000c3b00000)
 Metaspace       used 6626K, capacity 7320K, committed 7680K, reserved 1056768K
  class space    used 628K, capacity 656K, committed 768K, reserved 1048576K
Event: 8.517 GC heap after
Heap after GC invocations=10 (full 1):
 PSYoungGen      total 143872K, used 11703K [0x00000000eb000000, 0x00000000fa800000, 0x0000000100000000)
  eden space 126464K, 0% used [0x00000000eb000000,0x00000000eb000000,0x00000000f2b80000)
  from space 17408K, 67% used [0x00000000f2b80000,0x00000000f36edf90,0x00000000f3c80000)
  to   space 25600K, 0% used [0x00000000f8f00000,0x00000000f8f00000,0x00000000fa800000)
 ParOldGen       total 80896K, used 44028K [0x00000000c1000000, 0x00000000c5f00000, 0x00000000eb000000)
  object space 80896K, 54% used [0x00000000c1000000,0x00000000c3aff118,0x00000000c5f00000)
 Metaspace       used 6626K, capacity 7320K, committed 7680K, reserved 1056768K
  class space    used 628K, capacity 656K, committed 768K, reserved 1048576K
}

